<?xml version="1.0" encoding="UTF-8"?>
<testsuite xmlns:xsi="http://www.w3.org/2001/XMLSchema-instance" xsi:noNamespaceSchemaLocation="https://maven.apache.org/surefire/maven-surefire-plugin/xsd/surefire-test-report.xsd" name="com.github.julianps.modelmapper.ValueConverterTest" time="0.242" tests="7" errors="0" skipped="0" failures="0">
  <properties>
    <property name="gopherProxySet" value="false"/>
    <property name="awt.toolkit" value="sun.lwawt.macosx.LWCToolkit"/>
    <property name="file.encoding.pkg" value="sun.io"/>
    <property name="java.specification.version" value="1.8"/>
    <property name="sun.cpu.isalist" value=""/>
    <property name="sun.jnu.encoding" value="UTF-8"/>
    <property name="java.class.path" value="/Users/jstuecker/projects/modelmapper-module-vavr/target/test-classes:/Users/jstuecker/projects/modelmapper-module-vavr/target/classes:/Users/jstuecker/.m2/repository/org/assertj/assertj-core/3.9.1/assertj-core-3.9.1.jar:/Users/jstuecker/.m2/repository/org/modelmapper/modelmapper/2.1.0/modelmapper-2.1.0.jar:/Users/jstuecker/.m2/repository/io/vavr/vavr/0.9.2/vavr-0.9.2.jar:/Users/jstuecker/.m2/repository/io/vavr/vavr-match/0.9.2/vavr-match-0.9.2.jar:/Users/jstuecker/.m2/repository/junit/junit/4.12/junit-4.12.jar:/Users/jstuecker/.m2/repository/org/hamcrest/hamcrest-core/1.3/hamcrest-core-1.3.jar:/Users/jstuecker/.m2/repository/org/projectlombok/lombok/1.18.0/lombok-1.18.0.jar:/Users/jstuecker/.m2/repository/org/testng/testng/6.9.10/testng-6.9.10.jar:/Users/jstuecker/.m2/repository/com/beust/jcommander/1.48/jcommander-1.48.jar:/Users/jstuecker/.m2/repository/org/beanshell/bsh/2.0b4/bsh-2.0b4.jar:/Users/jstuecker/.m2/repository/org/apache/maven/surefire/surefire-testng-utils/2.21.0/surefire-testng-utils-2.21.0.jar:/Users/jstuecker/.m2/repository/org/apache/maven/surefire/surefire-grouper/2.21.0/surefire-grouper-2.21.0.jar:"/>
    <property name="java.vm.vendor" value="Oracle Corporation"/>
    <property name="sun.arch.data.model" value="64"/>
    <property name="java.vendor.url" value="http://java.oracle.com/"/>
    <property name="user.timezone" value=""/>
    <property name="java.vm.specification.version" value="1.8"/>
    <property name="os.name" value="Mac OS X"/>
    <property name="user.country" value="DE"/>
    <property name="sun.java.launcher" value="SUN_STANDARD"/>
    <property name="sun.boot.library.path" value="/Library/Java/JavaVirtualMachines/jdk1.8.0_181.jdk/Contents/Home/jre/lib"/>
    <property name="sun.java.command" value="/Users/jstuecker/projects/modelmapper-module-vavr/target/surefire/surefirebooter2036718538538221784.jar /Users/jstuecker/projects/modelmapper-module-vavr/target/surefire 2018-07-23T09-26-56_429-jvmRun1 surefire1214560487718256134tmp surefire_0403954934346744097tmp"/>
    <property name="http.nonProxyHosts" value="local|*.local|169.254/16|*.169.254/16"/>
    <property name="surefire.test.class.path" value="/Users/jstuecker/projects/modelmapper-module-vavr/target/test-classes:/Users/jstuecker/projects/modelmapper-module-vavr/target/classes:/Users/jstuecker/.m2/repository/org/assertj/assertj-core/3.9.1/assertj-core-3.9.1.jar:/Users/jstuecker/.m2/repository/org/modelmapper/modelmapper/2.1.0/modelmapper-2.1.0.jar:/Users/jstuecker/.m2/repository/io/vavr/vavr/0.9.2/vavr-0.9.2.jar:/Users/jstuecker/.m2/repository/io/vavr/vavr-match/0.9.2/vavr-match-0.9.2.jar:/Users/jstuecker/.m2/repository/junit/junit/4.12/junit-4.12.jar:/Users/jstuecker/.m2/repository/org/hamcrest/hamcrest-core/1.3/hamcrest-core-1.3.jar:/Users/jstuecker/.m2/repository/org/projectlombok/lombok/1.18.0/lombok-1.18.0.jar:/Users/jstuecker/.m2/repository/org/testng/testng/6.9.10/testng-6.9.10.jar:/Users/jstuecker/.m2/repository/com/beust/jcommander/1.48/jcommander-1.48.jar:/Users/jstuecker/.m2/repository/org/beanshell/bsh/2.0b4/bsh-2.0b4.jar:/Users/jstuecker/.m2/repository/org/apache/maven/surefire/surefire-testng-utils/2.21.0/surefire-testng-utils-2.21.0.jar:/Users/jstuecker/.m2/repository/org/apache/maven/surefire/surefire-grouper/2.21.0/surefire-grouper-2.21.0.jar:"/>
    <property name="sun.cpu.endian" value="little"/>
    <property name="user.home" value="/Users/jstuecker"/>
    <property name="user.language" value="en"/>
    <property name="java.specification.vendor" value="Oracle Corporation"/>
    <property name="java.home" value="/Library/Java/JavaVirtualMachines/jdk1.8.0_181.jdk/Contents/Home/jre"/>
    <property name="basedir" value="/Users/jstuecker/projects/modelmapper-module-vavr"/>
    <property name="file.separator" value="/"/>
    <property name="line.separator" value="&#10;"/>
    <property name="java.vm.specification.vendor" value="Oracle Corporation"/>
    <property name="java.specification.name" value="Java Platform API Specification"/>
    <property name="java.awt.graphicsenv" value="sun.awt.CGraphicsEnvironment"/>
    <property name="surefire.real.class.path" value="/Users/jstuecker/projects/modelmapper-module-vavr/target/surefire/surefirebooter2036718538538221784.jar"/>
    <property name="sun.boot.class.path" value="/Library/Java/JavaVirtualMachines/jdk1.8.0_181.jdk/Contents/Home/jre/lib/resources.jar:/Library/Java/JavaVirtualMachines/jdk1.8.0_181.jdk/Contents/Home/jre/lib/rt.jar:/Library/Java/JavaVirtualMachines/jdk1.8.0_181.jdk/Contents/Home/jre/lib/sunrsasign.jar:/Library/Java/JavaVirtualMachines/jdk1.8.0_181.jdk/Contents/Home/jre/lib/jsse.jar:/Library/Java/JavaVirtualMachines/jdk1.8.0_181.jdk/Contents/Home/jre/lib/jce.jar:/Library/Java/JavaVirtualMachines/jdk1.8.0_181.jdk/Contents/Home/jre/lib/charsets.jar:/Library/Java/JavaVirtualMachines/jdk1.8.0_181.jdk/Contents/Home/jre/lib/jfr.jar:/Library/Java/JavaVirtualMachines/jdk1.8.0_181.jdk/Contents/Home/jre/classes"/>
    <property name="sun.management.compiler" value="HotSpot 64-Bit Tiered Compilers"/>
    <property name="ftp.nonProxyHosts" value="local|*.local|169.254/16|*.169.254/16"/>
    <property name="java.runtime.version" value="1.8.0_181-b13"/>
    <property name="user.name" value="jstuecker"/>
    <property name="path.separator" value=":"/>
    <property name="os.version" value="10.13.5"/>
    <property name="java.endorsed.dirs" value="/Library/Java/JavaVirtualMachines/jdk1.8.0_181.jdk/Contents/Home/jre/lib/endorsed"/>
    <property name="java.runtime.name" value="Java(TM) SE Runtime Environment"/>
    <property name="file.encoding" value="UTF-8"/>
    <property name="java.vm.name" value="Java HotSpot(TM) 64-Bit Server VM"/>
    <property name="localRepository" value="/Users/jstuecker/.m2/repository"/>
    <property name="java.vendor.url.bug" value="http://bugreport.sun.com/bugreport/"/>
    <property name="java.io.tmpdir" value="/var/folders/kg/_ltrh3rn3nnfd8zg0vsxprvm9x_gb2/T/"/>
    <property name="java.version" value="1.8.0_181"/>
    <property name="user.dir" value="/Users/jstuecker/projects/modelmapper-module-vavr"/>
    <property name="os.arch" value="x86_64"/>
    <property name="java.vm.specification.name" value="Java Virtual Machine Specification"/>
    <property name="java.awt.printerjob" value="sun.lwawt.macosx.CPrinterJob"/>
    <property name="sun.os.patch.level" value="unknown"/>
    <property name="java.library.path" value="/Users/jstuecker/Library/Java/Extensions:/Library/Java/Extensions:/Network/Library/Java/Extensions:/System/Library/Java/Extensions:/usr/lib/java:."/>
    <property name="java.vm.info" value="mixed mode"/>
    <property name="java.vendor" value="Oracle Corporation"/>
    <property name="java.vm.version" value="25.181-b13"/>
    <property name="java.ext.dirs" value="/Users/jstuecker/Library/Java/Extensions:/Library/Java/JavaVirtualMachines/jdk1.8.0_181.jdk/Contents/Home/jre/lib/ext:/Library/Java/Extensions:/Network/Library/Java/Extensions:/System/Library/Java/Extensions:/usr/lib/java"/>
    <property name="sun.io.unicode.encoding" value="UnicodeBig"/>
    <property name="java.class.version" value="52.0"/>
    <property name="socksNonProxyHosts" value="local|*.local|169.254/16|*.169.254/16"/>
  </properties>
  <testcase name="testDerivedSet" classname="com.github.julianps.modelmapper.ValueConverterTest" time="0.149"/>
  <testcase name="testNormalList" classname="com.github.julianps.modelmapper.ValueConverterTest" time="0.014"/>
  <testcase name="testNormalArray" classname="com.github.julianps.modelmapper.ValueConverterTest" time="0.008"/>
  <testcase name="testDerivedArray" classname="com.github.julianps.modelmapper.ValueConverterTest" time="0.002"/>
  <testcase name="testDerivedList" classname="com.github.julianps.modelmapper.ValueConverterTest" time="0.002"/>
  <testcase name="testNormalSet" classname="com.github.julianps.modelmapper.ValueConverterTest" time="0.001"/>
  <testcase name="testOption" classname="com.github.julianps.modelmapper.ValueConverterTest" time="0.014"/>
</testsuite>